<?xml version="1.0" encoding="UTF-8"?>
<!-- Generated by org.testng.reporters.JUnitReportReporter -->
<testsuite hostname="MacBook-Pro-de-Bruno-2.local" name="org.forgerock.openidm.config.enhanced.JSONEnhancedConfigTest" tests="1" failures="0" timestamp="22 Jul 2014 15:17:06 GMT" time="0.201" errors="0">
  <testcase name="testGetConfiguration" time="0.201" classname="org.forgerock.openidm.config.enhanced.JSONEnhancedConfigTest"/>
</testsuite> <!-- org.forgerock.openidm.config.enhanced.JSONEnhancedConfigTest -->
