<?xml version="1.0" encoding="UTF-8"?>
<!-- Generated by org.testng.reporters.JUnitReportReporter -->
<testsuite hostname="MacBook-Pro-de-Bruno-2.local" name="org.forgerock.openidm.jaspi.modules.IDMJaspiModuleWrapperTest" tests="8" failures="0" timestamp="22 Jul 2014 15:18:33 GMT" time="0.070" errors="0">
  <testcase name="shouldValidateRequestWhenAuthModuleReturnsSuccessWithNoUsername" time="0.029" classname="org.forgerock.openidm.jaspi.modules.IDMJaspiModuleWrapperTest"/>
  <testcase name="shouldSecureResponseIfNotNoSessionHeaderSet" time="0.002" classname="org.forgerock.openidm.jaspi.modules.IDMJaspiModuleWrapperTest"/>
  <testcase name="shouldValidateRequestWhenAuthModuleReturnsSendFailure" time="0.002" classname="org.forgerock.openidm.jaspi.modules.IDMJaspiModuleWrapperTest"/>
  <testcase name="shouldValidateRequestWhenAuthModuleReturnsSendContinue" time="0.011" classname="org.forgerock.openidm.jaspi.modules.IDMJaspiModuleWrapperTest"/>
  <testcase name="shouldValidateRequestWhenAuthModuleReturnsSendSuccess" time="0.002" classname="org.forgerock.openidm.jaspi.modules.IDMJaspiModuleWrapperTest"/>
  <testcase name="shouldValidateRequestWhenAuthModuleReturnsSuccess" time="0.005" classname="org.forgerock.openidm.jaspi.modules.IDMJaspiModuleWrapperTest"/>
  <testcase name="shouldSecureResponseIfNoSessionHeaderSetSkipSession" time="0.009" classname="org.forgerock.openidm.jaspi.modules.IDMJaspiModuleWrapperTest"/>
  <testcase name="shouldSecureResponse" time="0.010" classname="org.forgerock.openidm.jaspi.modules.IDMJaspiModuleWrapperTest"/>
</testsuite> <!-- org.forgerock.openidm.jaspi.modules.IDMJaspiModuleWrapperTest -->
