<?xml version="1.0" encoding="UTF-8"?>
<!-- Generated by org.testng.reporters.JUnitReportReporter -->
<testsuite hostname="MacBook-Pro-de-Bruno-2.local" name="org.forgerock.openidm.jaspi.config.JaspiRuntimeConfigurationFactoryTest" tests="12" failures="0" timestamp="22 Jul 2014 15:18:33 GMT" time="0.043" errors="0">
  <testcase name="setModuleConfigurationShouldSetExplicitlyEnabledSessionAuthModule" time="0.000" classname="org.forgerock.openidm.jaspi.config.JaspiRuntimeConfigurationFactoryTest"/>
  <testcase name="shouldGetLoggingConfigurator" time="0.000" classname="org.forgerock.openidm.jaspi.config.JaspiRuntimeConfigurationFactoryTest"/>
  <testcase name="setModuleConfigurationShouldResolveSessionAuthModuleClassAlias" time="0.001" classname="org.forgerock.openidm.jaspi.config.JaspiRuntimeConfigurationFactoryTest"/>
  <testcase name="setModuleConfigurationShouldSetDefaultAuditLogger" time="0.000" classname="org.forgerock.openidm.jaspi.config.JaspiRuntimeConfigurationFactoryTest"/>
  <testcase name="setModuleConfigurationShouldThrowJsonValueExceptionWhenAuthModulesPropertyNotSet" time="0.000" classname="org.forgerock.openidm.jaspi.config.JaspiRuntimeConfigurationFactoryTest"/>
  <testcase name="shouldGetModuleConfigurationFactory" time="0.000" classname="org.forgerock.openidm.jaspi.config.JaspiRuntimeConfigurationFactoryTest"/>
  <testcase name="setModuleConfigurationShouldSetCustomAuditLogger" time="0.001" classname="org.forgerock.openidm.jaspi.config.JaspiRuntimeConfigurationFactoryTest"/>
  <testcase name="shouldGetDebugLogger" time="0.000" classname="org.forgerock.openidm.jaspi.config.JaspiRuntimeConfigurationFactoryTest"/>
  <testcase name="setModuleConfigurationShouldThrowJsonValueExceptionWhenServerAuthContextPropertyNotSet" time="0.000" classname="org.forgerock.openidm.jaspi.config.JaspiRuntimeConfigurationFactoryTest"/>
  <testcase name="setModuleConfigurationShouldNotSetDisabledSessionAuthModule" time="0.036" classname="org.forgerock.openidm.jaspi.config.JaspiRuntimeConfigurationFactoryTest"/>
  <testcase name="setModuleConfigurationShouldSetImplicitlyEnabledSessionAuthModule" time="0.001" classname="org.forgerock.openidm.jaspi.config.JaspiRuntimeConfigurationFactoryTest"/>
  <testcase name="setModuleConfigurationShouldRemoveDisabledAuthModuleFromList" time="0.004" classname="org.forgerock.openidm.jaspi.config.JaspiRuntimeConfigurationFactoryTest"/>
</testsuite> <!-- org.forgerock.openidm.jaspi.config.JaspiRuntimeConfigurationFactoryTest -->
