<?xml version="1.0" encoding="UTF-8"?>
<!-- Generated by org.testng.reporters.JUnitReportReporter -->
<testsuite hostname="MacBook-Pro-de-Bruno-2.local" name="org.forgerock.openidm.jaspi.modules.DelegatedAuthModuleTest" tests="7" failures="0" timestamp="22 Jul 2014 15:18:33 GMT" time="0.199" errors="0">
  <testcase name="shouldValidateRequestWhenPasswordHeaderIsEmptyString" time="0.000" classname="org.forgerock.openidm.jaspi.modules.DelegatedAuthModuleTest"/>
  <testcase name="shouldValidateRequestWhenUsernameHeaderIsEmptyString" time="0.001" classname="org.forgerock.openidm.jaspi.modules.DelegatedAuthModuleTest"/>
  <testcase name="shouldValidateRequestWhenAuthenticationSuccessful" time="0.002" classname="org.forgerock.openidm.jaspi.modules.DelegatedAuthModuleTest"/>
  <testcase name="shouldSecureResponse" time="0.011" classname="org.forgerock.openidm.jaspi.modules.DelegatedAuthModuleTest"/>
  <testcase name="shouldValidateRequestWhenUsernameHeaderIsNull" time="0.144" classname="org.forgerock.openidm.jaspi.modules.DelegatedAuthModuleTest"/>
  <testcase name="shouldValidateRequestWhenPasswordHeaderIsNull" time="0.001" classname="org.forgerock.openidm.jaspi.modules.DelegatedAuthModuleTest"/>
  <testcase name="shouldValidateRequestWhenAuthenticationFailed" time="0.040" classname="org.forgerock.openidm.jaspi.modules.DelegatedAuthModuleTest"/>
</testsuite> <!-- org.forgerock.openidm.jaspi.modules.DelegatedAuthModuleTest -->
