<?xml version="1.0" encoding="UTF-8"?>
<!-- Generated by org.testng.reporters.JUnitReportReporter -->
<testsuite hostname="MacBook-Pro-de-Bruno-2.local" name="org.forgerock.openidm.sync.impl.ObjectMappingTest" tests="1" failures="0" timestamp="22 Jul 2014 15:17:25 GMT" time="0.005" errors="0">
  <testcase name="testSourceCondition" time="0.005" classname="org.forgerock.openidm.sync.impl.ObjectMappingTest"/>
</testsuite> <!-- org.forgerock.openidm.sync.impl.ObjectMappingTest -->
