<?xml version="1.0" encoding="UTF-8"?>
<!-- Generated by org.testng.reporters.JUnitReportReporter -->
<testsuite hostname="MacBook-Pro-de-Bruno-2.local" name="org.forgerock.openidm.workflow.activiti.impl.JsonValueTypeTest" tests="1" failures="0" timestamp="22 Jul 2014 15:19:03 GMT" time="0.200" errors="0">
  <testcase name="testValues" time="0.200" classname="org.forgerock.openidm.workflow.activiti.impl.JsonValueTypeTest"/>
</testsuite> <!-- org.forgerock.openidm.workflow.activiti.impl.JsonValueTypeTest -->
