<?xml version="1.0" encoding="UTF-8"?>
<!-- Generated by org.testng.reporters.JUnitReportReporter -->
<testsuite hostname="MacBook-Pro-de-Bruno-2.local" name="org.forgerock.openidm.repo.jdbc.impl.GenericTableConfigTest" tests="1" failures="0" timestamp="22 Jul 2014 15:18:17 GMT" time="0.193" errors="0">
  <testcase name="testIsSearchable" time="0.193" classname="org.forgerock.openidm.repo.jdbc.impl.GenericTableConfigTest"/>
</testsuite> <!-- org.forgerock.openidm.repo.jdbc.impl.GenericTableConfigTest -->
