<?xml version="1.0" encoding="UTF-8"?>
<!-- Generated by org.testng.reporters.JUnitReportReporter -->
<testsuite hostname="MacBook-Pro-de-Bruno-2.local" name="org.forgerock.openidm.crypto.impl.MainTest" tests="3" failures="0" timestamp="22 Jul 2014 15:17:03 GMT" time="0.160" errors="0">
  <testcase name="testObfuscate" time="0.001" classname="org.forgerock.openidm.crypto.impl.MainTest"/>
  <testcase name="testUnfold" time="0.001" classname="org.forgerock.openidm.crypto.impl.MainTest"/>
  <testcase name="testEncrypt" time="0.158" classname="org.forgerock.openidm.crypto.impl.MainTest"/>
</testsuite> <!-- org.forgerock.openidm.crypto.impl.MainTest -->
