<?xml version="1.0" encoding="UTF-8"?>
<!-- Generated by org.testng.reporters.JUnitReportReporter -->
<testsuite hostname="MacBook-Pro-de-Bruno-2.local" name="org.forgerock.openidm.core.SystemPropertyAccessorTest" tests="1" failures="0" timestamp="22 Jul 2014 15:16:49 GMT" time="0.132" errors="0">
  <testcase name="testGetProperty" time="0.132" classname="org.forgerock.openidm.core.SystemPropertyAccessorTest"/>
</testsuite> <!-- org.forgerock.openidm.core.SystemPropertyAccessorTest -->
