<?xml version="1.0" encoding="UTF-8"?>
<!-- Generated by org.testng.reporters.JUnitReportReporter -->
<testsuite hostname="MacBook-Pro-de-Bruno-2.local" name="org.forgerock.openidm.repo.orientdb.impl.DBHelperTest" tests="2" failures="0" timestamp="22 Jul 2014 15:18:24 GMT" time="1.128" errors="0">
  <testcase name="updateDbCredentialsTest" time="0.277" classname="org.forgerock.openidm.repo.orientdb.impl.DBHelperTest"/>
  <testcase name="initPoolTest" time="0.851" classname="org.forgerock.openidm.repo.orientdb.impl.DBHelperTest"/>
</testsuite> <!-- org.forgerock.openidm.repo.orientdb.impl.DBHelperTest -->
