<?xml version="1.0" encoding="UTF-8"?>
<!-- Generated by org.testng.reporters.JUnitReportReporter -->
<testsuite hostname="MacBook-Pro-de-Bruno-2.local" name="org.forgerock.openidm.repo.orientdb.impl.DocumentUtilTest" tests="18" failures="0" timestamp="22 Jul 2014 15:18:24 GMT" time="0.033" errors="0">
  <testcase name="mapToDocInvalidRevision" time="0.003" classname="org.forgerock.openidm.repo.orientdb.impl.DocumentUtilTest"/>
  <testcase name="embeddedDocToMap" time="0.001" classname="org.forgerock.openidm.repo.orientdb.impl.DocumentUtilTest"/>
  <testcase name="listToEmbeddedList" time="0.001" classname="org.forgerock.openidm.repo.orientdb.impl.DocumentUtilTest"/>
  <testcase name="mapToNewEmbeddedDoc" time="0.001" classname="org.forgerock.openidm.repo.orientdb.impl.DocumentUtilTest"/>
  <testcase name="deepNestingWithSetToMap" time="0.001" classname="org.forgerock.openidm.repo.orientdb.impl.DocumentUtilTest"/>
  <testcase name="embeddedListToMap" time="0.001" classname="org.forgerock.openidm.repo.orientdb.impl.DocumentUtilTest"/>
  <testcase name="docToMapNullTest" time="0.000" classname="org.forgerock.openidm.repo.orientdb.impl.DocumentUtilTest"/>
  <testcase name="mapToNewDocExistingRevision" time="0.000" classname="org.forgerock.openidm.repo.orientdb.impl.DocumentUtilTest"/>
  <testcase name="mapToDocNullTest" time="0.000" classname="org.forgerock.openidm.repo.orientdb.impl.DocumentUtilTest"/>
  <testcase name="deepNestingMixedODocAndMapToMap" time="0.000" classname="org.forgerock.openidm.repo.orientdb.impl.DocumentUtilTest"/>
  <testcase name="flatDocToMap" time="0.000" classname="org.forgerock.openidm.repo.orientdb.impl.DocumentUtilTest"/>
  <testcase name="mapToExistingEmbeddedDoc" time="0.021" classname="org.forgerock.openidm.repo.orientdb.impl.DocumentUtilTest"/>
  <testcase name="mapToDocToMap" time="0.001" classname="org.forgerock.openidm.repo.orientdb.impl.DocumentUtilTest"/>
  <testcase name="deepNestingToMap" time="0.003" classname="org.forgerock.openidm.repo.orientdb.impl.DocumentUtilTest"/>
  <testcase name="parseValidRevision" time="0.000" classname="org.forgerock.openidm.repo.orientdb.impl.DocumentUtilTest"/>
  <testcase name="parseInvalidRevision" time="0.000" classname="org.forgerock.openidm.repo.orientdb.impl.DocumentUtilTest"/>
  <testcase name="mapToExistingFlatDoc" time="0.000" classname="org.forgerock.openidm.repo.orientdb.impl.DocumentUtilTest"/>
  <testcase name="mapToNewFlatDoc" time="0.000" classname="org.forgerock.openidm.repo.orientdb.impl.DocumentUtilTest"/>
</testsuite> <!-- org.forgerock.openidm.repo.orientdb.impl.DocumentUtilTest -->
