<?xml version="1.0" encoding="UTF-8"?>
<!-- Generated by org.testng.reporters.JUnitReportReporter -->
<testsuite hostname="MacBook-Pro-de-Bruno-2.local" name="org.forgerock.openidm.repo.orientdb.impl.query.QueryInfoTest" tests="2" failures="0" timestamp="22 Jul 2014 15:18:24 GMT" time="0.001" errors="0">
  <testcase name="partialQueryInfo" time="0.000" classname="org.forgerock.openidm.repo.orientdb.impl.query.QueryInfoTest"/>
  <testcase name="fullQueryInfo" time="0.001" classname="org.forgerock.openidm.repo.orientdb.impl.query.QueryInfoTest"/>
</testsuite> <!-- org.forgerock.openidm.repo.orientdb.impl.query.QueryInfoTest -->
