<?xml version="1.0" encoding="UTF-8"?>
<!-- Generated by org.testng.reporters.JUnitReportReporter -->
<testsuite hostname="MacBook-Pro-de-Bruno-2.local" name="org.forgerock.openidm.repo.orientdb.impl.query.TokenHandlerTest" tests="6" failures="0" timestamp="22 Jul 2014 15:18:24 GMT" time="0.001" errors="0">
  <testcase name="replaceTokenWithDotNotationRelative" time="0.000" classname="org.forgerock.openidm.repo.orientdb.impl.query.TokenHandlerTest"/>
  <testcase name="replaceTokensWithOrientToken" time="0.000" classname="org.forgerock.openidm.repo.orientdb.impl.query.TokenHandlerTest"/>
  <testcase name="valueReplaceMissingToken" time="0.000" classname="org.forgerock.openidm.repo.orientdb.impl.query.TokenHandlerTest"/>
  <testcase name="initTokenHandler" time="0.001" classname="org.forgerock.openidm.repo.orientdb.impl.query.TokenHandlerTest"/>
  <testcase name="replaceTokenWithDotNotationAbsolute" time="0.000" classname="org.forgerock.openidm.repo.orientdb.impl.query.TokenHandlerTest"/>
  <testcase name="replaceTokensWithValues" time="0.000" classname="org.forgerock.openidm.repo.orientdb.impl.query.TokenHandlerTest"/>
</testsuite> <!-- org.forgerock.openidm.repo.orientdb.impl.query.TokenHandlerTest -->
