<?xml version="1.0" encoding="UTF-8"?>
<!-- Generated by org.testng.reporters.JUnitReportReporter -->
<testsuite hostname="MacBook-Pro-de-Bruno-2.local" name="org.forgerock.openidm.osgi.OsgiNameTest" tests="1" failures="0" timestamp="22 Jul 2014 15:16:58 GMT" time="0.003" errors="0">
  <testcase name="checkValidNames" time="0.003" classname="org.forgerock.openidm.osgi.OsgiNameTest"/>
</testsuite> <!-- org.forgerock.openidm.osgi.OsgiNameTest -->
