<?xml version="1.0" encoding="UTF-8"?>
<!-- Generated by org.testng.reporters.JUnitReportReporter -->
<testsuite hostname="MacBook-Pro-de-Bruno-2.local" name="org.forgerock.openidm.util.FileUtilTest" tests="8" failures="8" timestamp="22 Jul 2014 15:16:58 GMT" time="0.002" errors="0">
  <testcase name="testReadFile" time="0.000" classname="org.forgerock.openidm.util.FileUtilTest"/>
  <testcase name="testReadFile" time="0.000" classname="org.forgerock.openidm.util.FileUtilTest"/>
  <testcase name="testReadFile" time="0.001" classname="org.forgerock.openidm.util.FileUtilTest"/>
  <testcase name="testReadLargeFile" time="0.000" classname="org.forgerock.openidm.util.FileUtilTest"/>
  <testcase name="testReadLargeFile" time="0.000" classname="org.forgerock.openidm.util.FileUtilTest"/>
  <testcase name="testReadFile" time="0.000" classname="org.forgerock.openidm.util.FileUtilTest"/>
  <testcase name="testReadLargeFile" time="0.001" classname="org.forgerock.openidm.util.FileUtilTest"/>
  <testcase name="testReadLargeFile" time="0.000" classname="org.forgerock.openidm.util.FileUtilTest"/>
</testsuite> <!-- org.forgerock.openidm.util.FileUtilTest -->
