<?xml version="1.0" encoding="UTF-8"?>
<!-- Generated by org.testng.reporters.JUnitReportReporter -->
<testsuite hostname="MacBook-Pro-de-Bruno-2.local" name="org.forgerock.openidm.scheduler.SchedulerServiceTest" tests="1" failures="0" timestamp="22 Jul 2014 15:18:45 GMT" time="0.031" errors="0">
  <testcase name="configParsingTest" time="0.031" classname="org.forgerock.openidm.scheduler.SchedulerServiceTest"/>
</testsuite> <!-- org.forgerock.openidm.scheduler.SchedulerServiceTest -->
