<?xml version="1.0" encoding="UTF-8"?>
<!-- Generated by org.testng.reporters.JUnitReportReporter -->
<testsuite hostname="MacBook-Pro-de-Bruno-2.local" name="org.forgerock.openidm.provisioner.IdTest" tests="4" failures="0" timestamp="22 Jul 2014 15:18:00 GMT" time="0.027" errors="0">
  <testcase name="testResolveLocalId" time="0.000" classname="org.forgerock.openidm.provisioner.IdTest"/>
  <testcase name="testExpectObjectId" time="0.023" classname="org.forgerock.openidm.provisioner.IdTest"/>
  <testcase name="testId" time="0.004" classname="org.forgerock.openidm.provisioner.IdTest"/>
  <testcase name="testMalformedURLPrefix" time="0.000" classname="org.forgerock.openidm.provisioner.IdTest"/>
</testsuite> <!-- org.forgerock.openidm.provisioner.IdTest -->
