<?xml version="1.0" encoding="UTF-8"?>
<!-- Generated by org.testng.reporters.JUnitReportReporter -->
<testsuite hostname="MacBook-Pro-de-Bruno-2.local" name="org.forgerock.openidm.config.manage.ParsedIdTest" tests="1" failures="0" timestamp="22 Jul 2014 15:17:34 GMT" time="0.021" errors="0">
  <testcase name="testParsedResourceName" time="0.021" classname="org.forgerock.openidm.config.manage.ParsedIdTest"/>
</testsuite> <!-- org.forgerock.openidm.config.manage.ParsedIdTest -->
