<?xml version="1.0" encoding="UTF-8"?>
<!-- Generated by org.testng.reporters.JUnitReportReporter -->
<testsuite hostname="MacBook-Pro-de-Bruno-2.local" name="org.forgerock.openidm.servlet.internal.ServletConnectionFactoryTest" tests="1" failures="0" timestamp="22 Jul 2014 15:18:38 GMT" time="0.090" errors="0">
  <testcase name="testActivate" time="0.090" classname="org.forgerock.openidm.servlet.internal.ServletConnectionFactoryTest"/>
</testsuite> <!-- org.forgerock.openidm.servlet.internal.ServletConnectionFactoryTest -->
