<?xml version="1.0" encoding="UTF-8"?>
<!-- Generated by org.testng.reporters.JUnitReportReporter -->
<testsuite hostname="MacBook-Pro-de-Bruno-2.local" name="org.forgerock.openidm.provisioner.openicf.syncfailure.SyncFailureHandlerFactoryImplTest" tests="10" failures="0" timestamp="22 Jul 2014 15:18:11 GMT" time="0.006" errors="0">
  <testcase name="testCreateRetryWithScript" time="0.002" classname="org.forgerock.openidm.provisioner.openicf.syncfailure.SyncFailureHandlerFactoryImplTest"/>
  <testcase name="testCreateDeadLetterQueue" time="0.003" classname="org.forgerock.openidm.provisioner.openicf.syncfailure.SyncFailureHandlerFactoryImplTest"/>
  <testcase name="testCreateScript" time="0.000" classname="org.forgerock.openidm.provisioner.openicf.syncfailure.SyncFailureHandlerFactoryImplTest"/>
  <testcase name="testCreateInfiniteRetry" time="0.001" classname="org.forgerock.openidm.provisioner.openicf.syncfailure.SyncFailureHandlerFactoryImplTest"/>
  <testcase name="testCreateEmptyConfig" time="0.000" classname="org.forgerock.openidm.provisioner.openicf.syncfailure.SyncFailureHandlerFactoryImplTest"/>
  <testcase name="testCreateRetryWithDeadLetterQueue" time="0.000" classname="org.forgerock.openidm.provisioner.openicf.syncfailure.SyncFailureHandlerFactoryImplTest"/>
  <testcase name="testCreateNullConfig" time="0.000" classname="org.forgerock.openidm.provisioner.openicf.syncfailure.SyncFailureHandlerFactoryImplTest"/>
  <testcase name="testCreateNoConfig" time="0.000" classname="org.forgerock.openidm.provisioner.openicf.syncfailure.SyncFailureHandlerFactoryImplTest"/>
  <testcase name="testCreateRetryOnly" time="0.000" classname="org.forgerock.openidm.provisioner.openicf.syncfailure.SyncFailureHandlerFactoryImplTest"/>
  <testcase name="testCreateLoggedIgnore" time="0.000" classname="org.forgerock.openidm.provisioner.openicf.syncfailure.SyncFailureHandlerFactoryImplTest"/>
</testsuite> <!-- org.forgerock.openidm.provisioner.openicf.syncfailure.SyncFailureHandlerFactoryImplTest -->
