<?xml version="1.0" encoding="UTF-8"?>
<!-- Generated by org.testng.reporters.JUnitReportReporter -->
<testsuite hostname="MacBook-Pro-de-Bruno-2.local" name="org.forgerock.openidm.provisioner.openicf.impl.OpenICFProvisionerServiceTest" tests="69" failures="0" timestamp="22 Jul 2014 15:18:11 GMT" time="0.886" errors="0">
  <testcase name="testBadRequestException" time="0.072" classname="org.forgerock.openidm.provisioner.openicf.impl.OpenICFProvisionerServiceTest"/>
  <testcase name="testUpdateInstance" time="0.001" classname="org.forgerock.openidm.provisioner.openicf.impl.OpenICFProvisionerServiceTest"/>
  <testcase name="testHelloWorldAction" time="0.000" classname="org.forgerock.openidm.provisioner.openicf.impl.OpenICFProvisionerServiceTest"/>
  <testcase name="testPermanentExceptionFromInvalidCredentialException" time="0.003" classname="org.forgerock.openidm.provisioner.openicf.impl.OpenICFProvisionerServiceTest"/>
  <testcase name="testConflictException" time="0.012" classname="org.forgerock.openidm.provisioner.openicf.impl.OpenICFProvisionerServiceTest"/>
  <testcase name="testInternalServerErrorExceptionFromNullPointerException" time="0.021" classname="org.forgerock.openidm.provisioner.openicf.impl.OpenICFProvisionerServiceTest"/>
  <testcase name="testUpdateInstance" time="0.000" classname="org.forgerock.openidm.provisioner.openicf.impl.OpenICFProvisionerServiceTest"/>
  <testcase name="testReadInstance" time="0.000" classname="org.forgerock.openidm.provisioner.openicf.impl.OpenICFProvisionerServiceTest"/>
  <testcase name="testPermanentExceptionFromInvalidPasswordException" time="0.003" classname="org.forgerock.openidm.provisioner.openicf.impl.OpenICFProvisionerServiceTest"/>
  <testcase name="testNotFoundExceptionFromUnsupportedOperationException" time="0.000" classname="org.forgerock.openidm.provisioner.openicf.impl.OpenICFProvisionerServiceTest"/>
  <testcase name="testPreconditionFailedException" time="0.022" classname="org.forgerock.openidm.provisioner.openicf.impl.OpenICFProvisionerServiceTest"/>
  <testcase name="testServiceUnavailableExceptionFromOperationTimeoutException" time="0.017" classname="org.forgerock.openidm.provisioner.openicf.impl.OpenICFProvisionerServiceTest"/>
  <testcase name="testPatchInstance" time="0.000" classname="org.forgerock.openidm.provisioner.openicf.impl.OpenICFProvisionerServiceTest"/>
  <testcase name="testSync" time="0.097" classname="org.forgerock.openidm.provisioner.openicf.impl.OpenICFProvisionerServiceTest"/>
  <testcase name="testForbiddenExceptionFromPasswordExpiredException" time="0.015" classname="org.forgerock.openidm.provisioner.openicf.impl.OpenICFProvisionerServiceTest"/>
  <testcase name="testActionInstance" time="0.000" classname="org.forgerock.openidm.provisioner.openicf.impl.OpenICFProvisionerServiceTest"/>
  <testcase name="testInternalServerErrorExceptionFromConnectorException" time="0.011" classname="org.forgerock.openidm.provisioner.openicf.impl.OpenICFProvisionerServiceTest"/>
  <testcase name="testInternalServerErrorExceptionFromConnectionFailedException" time="0.013" classname="org.forgerock.openidm.provisioner.openicf.impl.OpenICFProvisionerServiceTest"/>
  <testcase name="testSync" time="0.087" classname="org.forgerock.openidm.provisioner.openicf.impl.OpenICFProvisionerServiceTest"/>
  <testcase name="testHelloWorldAction" time="0.000" classname="org.forgerock.openidm.provisioner.openicf.impl.OpenICFProvisionerServiceTest"/>
  <testcase name="testServiceUnavailableExceptionFromRetryableException" time="0.005" classname="org.forgerock.openidm.provisioner.openicf.impl.OpenICFProvisionerServiceTest"/>
  <testcase name="testServiceUnavailableExceptionFromConnectorIOException" time="0.010" classname="org.forgerock.openidm.provisioner.openicf.impl.OpenICFProvisionerServiceTest"/>
  <testcase name="testPatchInstance" time="0.000" classname="org.forgerock.openidm.provisioner.openicf.impl.OpenICFProvisionerServiceTest"/>
  <testcase name="testHelloWorldAction" time="0.038" classname="org.forgerock.openidm.provisioner.openicf.impl.OpenICFProvisionerServiceTest"/>
  <testcase name="testNotFoundExceptionFromUnsupportedOperationException" time="0.000" classname="org.forgerock.openidm.provisioner.openicf.impl.OpenICFProvisionerServiceTest"/>
  <testcase name="testForbiddenExceptionPermissionDeniedException" time="0.007" classname="org.forgerock.openidm.provisioner.openicf.impl.OpenICFProvisionerServiceTest"/>
  <testcase name="testInternalServerErrorExceptionFromConfigurationException" time="0.032" classname="org.forgerock.openidm.provisioner.openicf.impl.OpenICFProvisionerServiceTest"/>
  <testcase name="testReadInstance" time="0.001" classname="org.forgerock.openidm.provisioner.openicf.impl.OpenICFProvisionerServiceTest"/>
  <testcase name="testForbiddenExceptionPermissionDeniedException" time="0.004" classname="org.forgerock.openidm.provisioner.openicf.impl.OpenICFProvisionerServiceTest"/>
  <testcase name="testActionInstance" time="0.000" classname="org.forgerock.openidm.provisioner.openicf.impl.OpenICFProvisionerServiceTest"/>
  <testcase name="testInternalServerErrorExceptionFromIllegalArgumentException" time="0.005" classname="org.forgerock.openidm.provisioner.openicf.impl.OpenICFProvisionerServiceTest"/>
  <testcase name="testUpdateInstance" time="0.000" classname="org.forgerock.openidm.provisioner.openicf.impl.OpenICFProvisionerServiceTest"/>
  <testcase name="testServiceUnavailableExceptionFromConnectorIOException" time="0.018" classname="org.forgerock.openidm.provisioner.openicf.impl.OpenICFProvisionerServiceTest"/>
  <testcase name="testPreconditionFailedException" time="0.024" classname="org.forgerock.openidm.provisioner.openicf.impl.OpenICFProvisionerServiceTest"/>
  <testcase name="testSyncWithAllObjectClass" time="0.003" classname="org.forgerock.openidm.provisioner.openicf.impl.OpenICFProvisionerServiceTest"/>
  <testcase name="testPreconditionRequiredException" time="0.012" classname="org.forgerock.openidm.provisioner.openicf.impl.OpenICFProvisionerServiceTest"/>
  <testcase name="testHelloWorldAction" time="0.001" classname="org.forgerock.openidm.provisioner.openicf.impl.OpenICFProvisionerServiceTest"/>
  <testcase name="testNotFoundExceptionFromUnknownException" time="0.000" classname="org.forgerock.openidm.provisioner.openicf.impl.OpenICFProvisionerServiceTest"/>
  <testcase name="testPatchInstance" time="0.000" classname="org.forgerock.openidm.provisioner.openicf.impl.OpenICFProvisionerServiceTest"/>
  <testcase name="testSyncWithAllObjectClass" time="0.002" classname="org.forgerock.openidm.provisioner.openicf.impl.OpenICFProvisionerServiceTest"/>
  <testcase name="testServiceUnavailableExceptionFromRetryableException" time="0.005" classname="org.forgerock.openidm.provisioner.openicf.impl.OpenICFProvisionerServiceTest"/>
  <testcase name="testBadRequestException" time="0.015" classname="org.forgerock.openidm.provisioner.openicf.impl.OpenICFProvisionerServiceTest"/>
  <testcase name="testReadInstance" time="0.000" classname="org.forgerock.openidm.provisioner.openicf.impl.OpenICFProvisionerServiceTest"/>
  <testcase name="testNotFoundExceptionFromUnknownException" time="0.000" classname="org.forgerock.openidm.provisioner.openicf.impl.OpenICFProvisionerServiceTest"/>
  <testcase name="testActionInstance" time="0.000" classname="org.forgerock.openidm.provisioner.openicf.impl.OpenICFProvisionerServiceTest"/>
  <testcase name="testInternalServerErrorExceptionFromConnectorException" time="0.019" classname="org.forgerock.openidm.provisioner.openicf.impl.OpenICFProvisionerServiceTest"/>
  <testcase name="testActionInstance" time="0.000" classname="org.forgerock.openidm.provisioner.openicf.impl.OpenICFProvisionerServiceTest"/>
  <testcase name="testPreconditionRequiredException" time="0.016" classname="org.forgerock.openidm.provisioner.openicf.impl.OpenICFProvisionerServiceTest"/>
  <testcase name="testUpdateInstance" time="0.000" classname="org.forgerock.openidm.provisioner.openicf.impl.OpenICFProvisionerServiceTest"/>
  <testcase name="testInternalServerErrorExceptionFromIllegalArgumentException" time="0.004" classname="org.forgerock.openidm.provisioner.openicf.impl.OpenICFProvisionerServiceTest"/>
  <testcase name="testConflictException" time="0.007" classname="org.forgerock.openidm.provisioner.openicf.impl.OpenICFProvisionerServiceTest"/>
  <testcase name="testInternalServerErrorExceptionFromConnectorSecurityException" time="0.007" classname="org.forgerock.openidm.provisioner.openicf.impl.OpenICFProvisionerServiceTest"/>
  <testcase name="testServiceUnavailableExceptionFromOperationTimeoutException" time="0.010" classname="org.forgerock.openidm.provisioner.openicf.impl.OpenICFProvisionerServiceTest"/>
  <testcase name="testInternalServerErrorExceptionFromConnectionBrokenException" time="0.016" classname="org.forgerock.openidm.provisioner.openicf.impl.OpenICFProvisionerServiceTest"/>
  <testcase name="testInternalServerErrorExceptionFromNullPointerException" time="0.013" classname="org.forgerock.openidm.provisioner.openicf.impl.OpenICFProvisionerServiceTest"/>
  <testcase name="testPermanentExceptionFromInvalidCredentialException" time="0.006" classname="org.forgerock.openidm.provisioner.openicf.impl.OpenICFProvisionerServiceTest"/>
  <testcase name="testInternalServerErrorExceptionFromConnectorSecurityException" time="0.004" classname="org.forgerock.openidm.provisioner.openicf.impl.OpenICFProvisionerServiceTest"/>
  <testcase name="testForbiddenExceptionFromPasswordExpiredException" time="0.010" classname="org.forgerock.openidm.provisioner.openicf.impl.OpenICFProvisionerServiceTest"/>
  <testcase name="testInternalServerErrorExceptionFromConnectionFailedException" time="0.021" classname="org.forgerock.openidm.provisioner.openicf.impl.OpenICFProvisionerServiceTest"/>
  <testcase name="testReadInstance" time="0.000" classname="org.forgerock.openidm.provisioner.openicf.impl.OpenICFProvisionerServiceTest"/>
  <testcase name="testUpdateInstance" time="0.000" classname="org.forgerock.openidm.provisioner.openicf.impl.OpenICFProvisionerServiceTest"/>
  <testcase name="testReadInstance" time="0.000" classname="org.forgerock.openidm.provisioner.openicf.impl.OpenICFProvisionerServiceTest"/>
  <testcase name="testPatchInstance" time="0.001" classname="org.forgerock.openidm.provisioner.openicf.impl.OpenICFProvisionerServiceTest"/>
  <testcase name="testHelloWorldAction" time="0.000" classname="org.forgerock.openidm.provisioner.openicf.impl.OpenICFProvisionerServiceTest"/>
  <testcase name="testInternalServerErrorExceptionFromConfigurationException" time="0.162" classname="org.forgerock.openidm.provisioner.openicf.impl.OpenICFProvisionerServiceTest"/>
  <testcase name="testPatchInstance" time="0.000" classname="org.forgerock.openidm.provisioner.openicf.impl.OpenICFProvisionerServiceTest"/>
  <testcase name="testActionInstance" time="0.000" classname="org.forgerock.openidm.provisioner.openicf.impl.OpenICFProvisionerServiceTest"/>
  <testcase name="testPermanentExceptionFromInvalidPasswordException" time="0.005" classname="org.forgerock.openidm.provisioner.openicf.impl.OpenICFProvisionerServiceTest"/>
  <testcase name="testInternalServerErrorExceptionFromConnectionBrokenException" time="0.029" classname="org.forgerock.openidm.provisioner.openicf.impl.OpenICFProvisionerServiceTest"/>
</testsuite> <!-- org.forgerock.openidm.provisioner.openicf.impl.OpenICFProvisionerServiceTest -->
