<?xml version="1.0" encoding="UTF-8"?>
<!-- Generated by org.testng.reporters.JUnitReportReporter -->
<testsuite hostname="MacBook-Pro-de-Bruno-2.local" name="org.forgerock.openidm.provisioner.openicf.internal.SystemActionTest" tests="1" failures="0" timestamp="22 Jul 2014 15:18:11 GMT" time="0.000" errors="0">
  <testcase name="testGetName" time="0.000" classname="org.forgerock.openidm.provisioner.openicf.internal.SystemActionTest"/>
</testsuite> <!-- org.forgerock.openidm.provisioner.openicf.internal.SystemActionTest -->
