<?xml version="1.0" encoding="UTF-8"?>
<!-- Generated by org.testng.reporters.JUnitReportReporter -->
<testsuite hostname="MacBook-Pro-de-Bruno-2.local" name="org.forgerock.openidm.provisioner.openicf.impl.ConnectorInfoProviderServiceTest" tests="3" failures="0" timestamp="22 Jul 2014 15:18:11 GMT" time="0.596" errors="0">
  <testcase name="testCreateSystemConfiguration" time="0.582" classname="org.forgerock.openidm.provisioner.openicf.impl.ConnectorInfoProviderServiceTest"/>
  <testcase name="testFindConnectorInfo" time="0.001" classname="org.forgerock.openidm.provisioner.openicf.impl.ConnectorInfoProviderServiceTest"/>
  <testcase name="testGetAllConnectorInfo" time="0.013" classname="org.forgerock.openidm.provisioner.openicf.impl.ConnectorInfoProviderServiceTest"/>
</testsuite> <!-- org.forgerock.openidm.provisioner.openicf.impl.ConnectorInfoProviderServiceTest -->
