<?xml version="1.0" encoding="UTF-8"?>
<!-- Generated by org.testng.reporters.JUnitReportReporter -->
<testsuite hostname="MacBook-Pro-de-Bruno-2.local" name="org.forgerock.openidm.provisioner.openicf.commons.ConnectorUtilTest" tests="5" failures="0" timestamp="22 Jul 2014 15:18:11 GMT" time="0.077" errors="0">
  <testcase name="testCoercedTypeCasting" time="0.000" classname="org.forgerock.openidm.provisioner.openicf.commons.ConnectorUtilTest"/>
  <testcase name="testCoercedTypeCastingForByteType" time="0.000" classname="org.forgerock.openidm.provisioner.openicf.commons.ConnectorUtilTest"/>
  <testcase name="testGetSchema" time="0.057" classname="org.forgerock.openidm.provisioner.openicf.commons.ConnectorUtilTest"/>
  <testcase name="testGetAPIConfiguration" time="0.019" classname="org.forgerock.openidm.provisioner.openicf.commons.ConnectorUtilTest"/>
  <testcase name="testCoercedTypeCastingForByte" time="0.001" classname="org.forgerock.openidm.provisioner.openicf.commons.ConnectorUtilTest"/>
</testsuite> <!-- org.forgerock.openidm.provisioner.openicf.commons.ConnectorUtilTest -->
